<?xml version="1.0" encoding="UTF-8"?>
<testsuite name="org.tom_v_squad.soiwenttoaconcert.SoiwenttoaconcertApplicationTests" tests="1" skipped="0" failures="0" errors="0" timestamp="2021-04-09T22:01:34" hostname="vanessas-mbp.lan" time="0.285">
  <properties/>
  <testcase name="contextLoads()" classname="org.tom_v_squad.soiwenttoaconcert.SoiwenttoaconcertApplicationTests" time="0.285"/>
  <system-out><![CDATA[17:01:33.450 [Test worker] DEBUG org.springframework.test.context.BootstrapUtils - Instantiating CacheAwareContextLoaderDelegate from class [org.springframework.test.context.cache.DefaultCacheAwareContextLoaderDelegate]
17:01:33.461 [Test worker] DEBUG org.springframework.test.context.BootstrapUtils - Instantiating BootstrapContext using constructor [public org.springframework.test.context.support.DefaultBootstrapContext(java.lang.Class,org.springframework.test.context.CacheAwareContextLoaderDelegate)]
17:01:33.488 [Test worker] DEBUG org.springframework.test.context.BootstrapUtils - Instantiating TestContextBootstrapper for test class [org.tom_v_squad.soiwenttoaconcert.SoiwenttoaconcertApplicationTests] from class [org.springframework.boot.test.context.SpringBootTestContextBootstrapper]
17:01:33.497 [Test worker] INFO org.springframework.boot.test.context.SpringBootTestContextBootstrapper - Neither @ContextConfiguration nor @ContextHierarchy found for test class [org.tom_v_squad.soiwenttoaconcert.SoiwenttoaconcertApplicationTests], using SpringBootContextLoader
17:01:33.500 [Test worker] DEBUG org.springframework.test.context.support.AbstractContextLoader - Did not detect default resource location for test class [org.tom_v_squad.soiwenttoaconcert.SoiwenttoaconcertApplicationTests]: class path resource [org/tom_v_squad/soiwenttoaconcert/SoiwenttoaconcertApplicationTests-context.xml] does not exist
17:01:33.500 [Test worker] DEBUG org.springframework.test.context.support.AbstractContextLoader - Did not detect default resource location for test class [org.tom_v_squad.soiwenttoaconcert.SoiwenttoaconcertApplicationTests]: class path resource [org/tom_v_squad/soiwenttoaconcert/SoiwenttoaconcertApplicationTestsContext.groovy] does not exist
17:01:33.501 [Test worker] INFO org.springframework.test.context.support.AbstractContextLoader - Could not detect default resource locations for test class [org.tom_v_squad.soiwenttoaconcert.SoiwenttoaconcertApplicationTests]: no resource found for suffixes {-context.xml, Context.groovy}.
17:01:33.501 [Test worker] INFO org.springframework.test.context.support.AnnotationConfigContextLoaderUtils - Could not detect default configuration classes for test class [org.tom_v_squad.soiwenttoaconcert.SoiwenttoaconcertApplicationTests]: SoiwenttoaconcertApplicationTests does not declare any static, non-private, non-final, nested classes annotated with @Configuration.
17:01:33.531 [Test worker] DEBUG org.springframework.test.context.support.ActiveProfilesUtils - Could not find an 'annotation declaring class' for annotation type [org.springframework.test.context.ActiveProfiles] and class [org.tom_v_squad.soiwenttoaconcert.SoiwenttoaconcertApplicationTests]
17:01:33.572 [Test worker] DEBUG org.springframework.context.annotation.ClassPathScanningCandidateComponentProvider - Identified candidate component class: file [/Users/user/LC101-Liftoff/soiwenttoaconcert/build/classes/java/main/org/tom_v_squad/soiwenttoaconcert/SoiwenttoaconcertApplication.class]
17:01:33.573 [Test worker] INFO org.springframework.boot.test.context.SpringBootTestContextBootstrapper - Found @SpringBootConfiguration org.tom_v_squad.soiwenttoaconcert.SoiwenttoaconcertApplication for test class org.tom_v_squad.soiwenttoaconcert.SoiwenttoaconcertApplicationTests
17:01:33.638 [Test worker] DEBUG org.springframework.boot.test.context.SpringBootTestContextBootstrapper - @TestExecutionListeners is not present for class [org.tom_v_squad.soiwenttoaconcert.SoiwenttoaconcertApplicationTests]: using defaults.
17:01:33.639 [Test worker] INFO org.springframework.boot.test.context.SpringBootTestContextBootstrapper - Loaded default TestExecutionListener class names from location [META-INF/spring.factories]: [org.springframework.boot.test.autoconfigure.restdocs.RestDocsTestExecutionListener, org.springframework.boot.test.autoconfigure.web.client.MockRestServiceServerResetTestExecutionListener, org.springframework.boot.test.autoconfigure.web.servlet.MockMvcPrintOnlyOnFailureTestExecutionListener, org.springframework.boot.test.autoconfigure.web.servlet.WebDriverTestExecutionListener, org.springframework.boot.test.autoconfigure.webservices.client.MockWebServiceServerTestExecutionListener, org.springframework.boot.test.mock.mockito.MockitoTestExecutionListener, org.springframework.boot.test.mock.mockito.ResetMocksTestExecutionListener, org.springframework.test.context.web.ServletTestExecutionListener, org.springframework.test.context.support.DirtiesContextBeforeModesTestExecutionListener, org.springframework.test.context.event.ApplicationEventsTestExecutionListener, org.springframework.test.context.support.DependencyInjectionTestExecutionListener, org.springframework.test.context.support.DirtiesContextTestExecutionListener, org.springframework.test.context.transaction.TransactionalTestExecutionListener, org.springframework.test.context.jdbc.SqlScriptsTestExecutionListener, org.springframework.test.context.event.EventPublishingTestExecutionListener]
17:01:33.647 [Test worker] DEBUG org.springframework.boot.test.context.SpringBootTestContextBootstrapper - Skipping candidate TestExecutionListener [org.springframework.test.context.transaction.TransactionalTestExecutionListener] due to a missing dependency. Specify custom listener classes or make the default listener classes and their required dependencies available. Offending class: [org/springframework/transaction/interceptor/TransactionAttributeSource]
17:01:33.647 [Test worker] DEBUG org.springframework.boot.test.context.SpringBootTestContextBootstrapper - Skipping candidate TestExecutionListener [org.springframework.test.context.jdbc.SqlScriptsTestExecutionListener] due to a missing dependency. Specify custom listener classes or make the default listener classes and their required dependencies available. Offending class: [org/springframework/transaction/interceptor/TransactionAttribute]
17:01:33.648 [Test worker] INFO org.springframework.boot.test.context.SpringBootTestContextBootstrapper - Using TestExecutionListeners: [org.springframework.test.context.web.ServletTestExecutionListener@4427c12f, org.springframework.test.context.support.DirtiesContextBeforeModesTestExecutionListener@1314f0ec, org.springframework.test.context.event.ApplicationEventsTestExecutionListener@668da525, org.springframework.boot.test.mock.mockito.MockitoTestExecutionListener@6c53cc3, org.springframework.boot.test.autoconfigure.SpringBootDependencyInjectionTestExecutionListener@7c11ab8d, org.springframework.test.context.support.DirtiesContextTestExecutionListener@48b6b773, org.springframework.test.context.event.EventPublishingTestExecutionListener@431987cd, org.springframework.boot.test.autoconfigure.restdocs.RestDocsTestExecutionListener@6c159849, org.springframework.boot.test.autoconfigure.web.client.MockRestServiceServerResetTestExecutionListener@1d290b85, org.springframework.boot.test.autoconfigure.web.servlet.MockMvcPrintOnlyOnFailureTestExecutionListener@60593a7c, org.springframework.boot.test.autoconfigure.web.servlet.WebDriverTestExecutionListener@6f71ee55, org.springframework.boot.test.autoconfigure.webservices.client.MockWebServiceServerTestExecutionListener@2fe6f422, org.springframework.boot.test.mock.mockito.ResetMocksTestExecutionListener@7a46b778]
17:01:33.650 [Test worker] DEBUG org.springframework.test.context.support.AbstractDirtiesContextTestExecutionListener - Before test class: context [DefaultTestContext@786c3012 testClass = SoiwenttoaconcertApplicationTests, testInstance = [null], testMethod = [null], testException = [null], mergedContextConfiguration = [WebMergedContextConfiguration@aca864b testClass = SoiwenttoaconcertApplicationTests, locations = '{}', classes = '{class org.tom_v_squad.soiwenttoaconcert.SoiwenttoaconcertApplication}', contextInitializerClasses = '[]', activeProfiles = '{}', propertySourceLocations = '{}', propertySourceProperties = '{org.springframework.boot.test.context.SpringBootTestContextBootstrapper=true}', contextCustomizers = set[org.springframework.boot.test.autoconfigure.actuate.metrics.MetricsExportContextCustomizerFactory$DisableMetricExportContextCustomizer@3e88c706, org.springframework.boot.test.autoconfigure.properties.PropertyMappingContextCustomizer@0, org.springframework.boot.test.autoconfigure.web.servlet.WebDriverContextCustomizerFactory$Customizer@7cf06029, org.springframework.boot.test.context.filter.ExcludeFilterContextCustomizer@44526fa2, org.springframework.boot.test.json.DuplicateJsonObjectContextCustomizerFactory$DuplicateJsonObjectContextCustomizer@6e4348a9, org.springframework.boot.test.mock.mockito.MockitoContextCustomizer@0, org.springframework.boot.test.web.client.TestRestTemplateContextCustomizer@27002a69, org.springframework.boot.test.context.SpringBootTestArgs@1, org.springframework.boot.test.context.SpringBootTestWebEnvironment@22362737], resourceBasePath = 'src/main/webapp', contextLoader = 'org.springframework.boot.test.context.SpringBootContextLoader', parent = [null]], attributes = map['org.springframework.test.context.web.ServletTestExecutionListener.activateListener' -> true]], class annotated with @DirtiesContext [false] with mode [null].
17:01:33.674 [Test worker] DEBUG org.springframework.test.context.support.TestPropertySourceUtils - Adding inlined properties to environment: {spring.jmx.enabled=false, org.springframework.boot.test.context.SpringBootTestContextBootstrapper=true}

  .   ____          _            __ _ _
 /\\ / ___'_ __ _ _(_)_ __  __ _ \ \ \ \
( ( )\___ | '_ | '_| | '_ \/ _` | \ \ \ \
 \\/  ___)| |_)| | | | | || (_| |  ) ) ) )
  '  |____| .__|_| |_|_| |_\__, | / / / /
 =========|_|==============|___/=/_/_/_/
 :: Spring Boot ::                (v2.4.4)

2021-04-09 17:01:33.875  INFO 22445 --- [    Test worker] o.t.s.SoiwenttoaconcertApplicationTests  : Starting SoiwenttoaconcertApplicationTests using Java 15.0.1 on vanessas-mbp.lan with PID 22445 (started by user in /Users/user/LC101-Liftoff/soiwenttoaconcert)
2021-04-09 17:01:33.877  INFO 22445 --- [    Test worker] o.t.s.SoiwenttoaconcertApplicationTests  : No active profile set, falling back to default profiles: default
2021-04-09 17:01:34.692  INFO 22445 --- [    Test worker] o.s.s.concurrent.ThreadPoolTaskExecutor  : Initializing ExecutorService 'applicationTaskExecutor'
2021-04-09 17:01:34.898  INFO 22445 --- [    Test worker] o.t.s.SoiwenttoaconcertApplicationTests  : Started SoiwenttoaconcertApplicationTests in 1.219 seconds (JVM running for 2.061)
]]></system-out>
  <system-err><![CDATA[]]></system-err>
</testsuite>
